<?xml version="1.0" encoding="UTF-8"?>
<!-- Generated by org.testng.reporters.JUnitReportReporter -->
<testsuite hostname="DESKTOP-DQOHLPP" failures="0" tests="1" name="com.placelab.tests.NegativeLoginTestInvalidEmail" time="11.217" errors="0" timestamp="2023-05-08T18:49:23 CEST" skipped="0">
  <testcase classname="com.placelab.tests.NegativeLoginTestInvalidEmail" name="testLoginWithInvalidEmail" time="11.217"/>
  <system-out/>
</testsuite> <!-- com.placelab.tests.NegativeLoginTestInvalidEmail -->
