<?xml version="1.0" encoding="UTF-8"?>
<!-- Generated by org.testng.reporters.JUnitReportReporter -->
<testsuite hostname="DESKTOP-DQOHLPP" failures="0" tests="1" name="com.placelab.tests.SmokeTest" time="11.973" errors="0" timestamp="2023-05-03T18:56:16 CEST" skipped="0">
  <testcase classname="com.placelab.tests.SmokeTest" name="openPage" time="11.973"/>
  <system-out/>
</testsuite> <!-- com.placelab.tests.SmokeTest -->
