<?xml version="1.0" encoding="UTF-8"?>
<!-- Generated by org.testng.reporters.JUnitReportReporter -->
<testsuite hostname="DESKTOP-DQOHLPP" failures="0" tests="1" name="com.placelab.tests.NegativeLoginTestEmptyFields" time="11.058" errors="0" timestamp="2023-05-08T18:49:23 CEST" skipped="0">
  <testcase classname="com.placelab.tests.NegativeLoginTestEmptyFields" name="testLoginWithEmptyFields" time="11.058"/>
  <system-out/>
</testsuite> <!-- com.placelab.tests.NegativeLoginTestEmptyFields -->
