<?xml version="1.0" encoding="UTF-8"?>
<!-- Generated by org.testng.reporters.JUnitReportReporter -->
<testsuite hostname="DESKTOP-DQOHLPP" failures="0" tests="1" name="com.placelab.tests.PositiveLoginTestValidCredentials" time="17.203" errors="0" timestamp="2023-05-08T18:49:23 CEST" skipped="0">
  <testcase classname="com.placelab.tests.PositiveLoginTestValidCredentials" name="testLoginWithValidCredentials" time="17.203"/>
  <system-out/>
</testsuite> <!-- com.placelab.tests.PositiveLoginTestValidCredentials -->
