<?xml version="1.0" encoding="UTF-8"?>
<!-- Generated by org.testng.reporters.JUnitReportReporter -->
<testsuite hostname="DESKTOP-DQOHLPP" failures="0" tests="1" name="com.placelab.tests.ForgotPasswordFunctionality" time="11.237" errors="0" timestamp="2023-05-06T01:20:04 CEST" skipped="0">
  <testcase classname="com.placelab.tests.ForgotPasswordFunctionality" name="testForgetPasswordLink" time="11.237"/>
  <system-out/>
</testsuite> <!-- com.placelab.tests.ForgotPasswordFunctionality -->
